<?xml version="1.0" encoding="UTF-8"?>
<testng-results ignored="0" total="1" passed="1" failed="0" skipped="0">
  <reporter-output>
  </reporter-output>
  <suite started-at="2021-03-16T18:04:39 BRT" name="Default suite" finished-at="2021-03-16T18:05:05 BRT" duration-ms="26372">
    <groups>
    </groups>
    <test started-at="2021-03-16T18:04:39 BRT" name="Default test" finished-at="2021-03-16T18:05:05 BRT" duration-ms="26372">
      <class name="projeto.stefanini.tests.TestesTestNg">
        <test-method is-config="true" signature="abrirBrowser()[pri:0, instance:projeto.stefanini.tests.TestesTestNg@34f7cfd9]" started-at="2021-03-16T18:04:39 BRT" name="abrirBrowser" finished-at="2021-03-16T18:04:53 BRT" duration-ms="14382" status="PASS">
          <reporter-output>
          </reporter-output>
        </test-method> <!-- abrirBrowser -->
        <test-method signature="reservarPassagem()[pri:0, instance:projeto.stefanini.tests.TestesTestNg@34f7cfd9]" started-at="2021-03-16T18:04:54 BRT" name="reservarPassagem" finished-at="2021-03-16T18:05:03 BRT" duration-ms="9767" status="PASS">
          <reporter-output>
          </reporter-output>
        </test-method> <!-- reservarPassagem -->
        <test-method is-config="true" signature="fecharBrowser()[pri:0, instance:projeto.stefanini.tests.TestesTestNg@34f7cfd9]" started-at="2021-03-16T18:05:03 BRT" name="fecharBrowser" finished-at="2021-03-16T18:05:05 BRT" duration-ms="2066" status="PASS">
          <reporter-output>
          </reporter-output>
        </test-method> <!-- fecharBrowser -->
      </class> <!-- projeto.stefanini.tests.TestesTestNg -->
    </test> <!-- Default test -->
  </suite> <!-- Default suite -->
</testng-results>
